<?xml version="1.0" encoding="UTF-8"?>
<!-- Generated by org.testng.reporters.JUnitReportReporter -->
<testsuite skipped="0" hostname="pritamkx-MOBL1" name="com.nbrown.testscenario.JDW.DesiredCapability2" tests="1" failures="0" timestamp="28 Sep 2019 10:59:34 GMT" time="3.009" errors="1">
  <testcase name="m1" time="3.009" classname="com.nbrown.testscenario.JDW.DesiredCapability2">
    <error type="org.openqa.selenium.WebDriverException" message="unknown error: cannot process extension #1
from unknown error: cannot unzip
Build info: version: &#039;3.141.59&#039;, revision: &#039;e82be7d358&#039;, time: &#039;2018-11-14T08:25:53&#039;
System info: host: &#039;PRITAMKX-MOBL1&#039;, ip: &#039;192.168.0.63&#039;, os.name: &#039;Windows 10&#039;, os.arch: &#039;amd64&#039;, os.version: &#039;10.0&#039;, java.version: &#039;1.8.0_171&#039;
Driver info: driver.version: ChromeDriver
remote stacktrace: Backtrace:
	Ordinal0 [0x01527C93+1473683]
	Ordinal0 [0x014AADB1+961969]
	Ordinal0 [0x014342E3+475875]
	Ordinal0 [0x013CD64E+54862]
	Ordinal0 [0x013CDF2E+57134]
	Ordinal0 [0x013CB8CB+47307]
	Ordinal0 [0x013E9149+168265]
	Ordinal0 [0x013E8D1D+167197]
	Ordinal0 [0x013E742B+160811]
	Ordinal0 [0x013D0AE6+68326]
	Ordinal0 [0x013D1BF0+72688]
	Ordinal0 [0x013D1B89+72585]
	Ordinal0 [0x014C4B77+1067895]
	GetHandleVerifier [0x015C6875+506677]
	GetHandleVerifier [0x015C6610+506064]
	GetHandleVerifier [0x015CD1B8+533624]
	GetHandleVerifier [0x015C704A+508682]
	Ordinal0 [0x014BC266+1032806]
	Ordinal0 [0x014BC0DF+1032415]
	Ordinal0 [0x014C6A8B+1075851]
	Ordinal0 [0x014C6BF3+1076211]
	Ordinal0 [0x014C5BA5+1072037]
	BaseThreadInitThunk [0x76278674+36]
	RtlGetAppContainerNamedObjectPath [0x775B5E17+311]
	RtlGetAppContainerNamedObjectPath [0x775B5DE7+263]
">
      <![CDATA[org.openqa.selenium.WebDriverException: unknown error: cannot process extension #1
from unknown error: cannot unzip
Build info: version: '3.141.59', revision: 'e82be7d358', time: '2018-11-14T08:25:53'
System info: host: 'PRITAMKX-MOBL1', ip: '192.168.0.63', os.name: 'Windows 10', os.arch: 'amd64', os.version: '10.0', java.version: '1.8.0_171'
Driver info: driver.version: ChromeDriver
remote stacktrace: Backtrace:
Ordinal0 [0x01527C93+1473683]
Ordinal0 [0x014AADB1+961969]
Ordinal0 [0x014342E3+475875]
Ordinal0 [0x013CD64E+54862]
Ordinal0 [0x013CDF2E+57134]
Ordinal0 [0x013CB8CB+47307]
Ordinal0 [0x013E9149+168265]
Ordinal0 [0x013E8D1D+167197]
Ordinal0 [0x013E742B+160811]
Ordinal0 [0x013D0AE6+68326]
Ordinal0 [0x013D1BF0+72688]
Ordinal0 [0x013D1B89+72585]
Ordinal0 [0x014C4B77+1067895]
GetHandleVerifier [0x015C6875+506677]
GetHandleVerifier [0x015C6610+506064]
GetHandleVerifier [0x015CD1B8+533624]
GetHandleVerifier [0x015C704A+508682]
Ordinal0 [0x014BC266+1032806]
Ordinal0 [0x014BC0DF+1032415]
Ordinal0 [0x014C6A8B+1075851]
Ordinal0 [0x014C6BF3+1076211]
Ordinal0 [0x014C5BA5+1072037]
BaseThreadInitThunk [0x76278674+36]
RtlGetAppContainerNamedObjectPath [0x775B5E17+311]
RtlGetAppContainerNamedObjectPath [0x775B5DE7+263]

at sun.reflect.NativeConstructorAccessorImpl.newInstance0(Native Method)
at sun.reflect.NativeConstructorAccessorImpl.newInstance(NativeConstructorAccessorImpl.java:62)
at sun.reflect.DelegatingConstructorAccessorImpl.newInstance(DelegatingConstructorAccessorImpl.java:45)
at java.lang.reflect.Constructor.newInstance(Constructor.java:423)
at org.openqa.selenium.remote.W3CHandshakeResponse.lambda$errorHandler$0(W3CHandshakeResponse.java:62)
at org.openqa.selenium.remote.HandshakeResponse.lambda$getResponseFunction$0(HandshakeResponse.java:30)
at org.openqa.selenium.remote.ProtocolHandshake.lambda$createSession$0(ProtocolHandshake.java:126)
at java.util.stream.ReferencePipeline$3$1.accept(ReferencePipeline.java:193)
at java.util.Spliterators$ArraySpliterator.tryAdvance(Spliterators.java:958)
at java.util.stream.ReferencePipeline.forEachWithCancel(ReferencePipeline.java:126)
at java.util.stream.AbstractPipeline.copyIntoWithCancel(AbstractPipeline.java:498)
at java.util.stream.AbstractPipeline.copyInto(AbstractPipeline.java:485)
at java.util.stream.AbstractPipeline.wrapAndCopyInto(AbstractPipeline.java:471)
at java.util.stream.FindOps$FindOp.evaluateSequential(FindOps.java:152)
at java.util.stream.AbstractPipeline.evaluate(AbstractPipeline.java:234)
at java.util.stream.ReferencePipeline.findFirst(ReferencePipeline.java:464)
at org.openqa.selenium.remote.ProtocolHandshake.createSession(ProtocolHandshake.java:128)
at org.openqa.selenium.remote.ProtocolHandshake.createSession(ProtocolHandshake.java:74)
at org.openqa.selenium.remote.HttpCommandExecutor.execute(HttpCommandExecutor.java:136)
at org.openqa.selenium.remote.service.DriverCommandExecutor.execute(DriverCommandExecutor.java:83)
at org.openqa.selenium.remote.RemoteWebDriver.execute(RemoteWebDriver.java:552)
at org.openqa.selenium.remote.RemoteWebDriver.startSession(RemoteWebDriver.java:213)
at org.openqa.selenium.remote.RemoteWebDriver.<init>(RemoteWebDriver.java:131)
at org.openqa.selenium.chrome.ChromeDriver.<init>(ChromeDriver.java:181)
at org.openqa.selenium.chrome.ChromeDriver.<init>(ChromeDriver.java:168)
at org.openqa.selenium.chrome.ChromeDriver.<init>(ChromeDriver.java:157)
at com.nbrown.testscenario.JDW.DesiredCapability2.m1(DesiredCapability2.java:20)
at sun.reflect.NativeMethodAccessorImpl.invoke0(Native Method)
at sun.reflect.NativeMethodAccessorImpl.invoke(NativeMethodAccessorImpl.java:62)
at sun.reflect.DelegatingMethodAccessorImpl.invoke(DelegatingMethodAccessorImpl.java:43)
at java.lang.reflect.Method.invoke(Method.java:498)
at org.testng.internal.MethodInvocationHelper.invokeMethod(MethodInvocationHelper.java:124)
at org.testng.internal.Invoker.invokeMethod(Invoker.java:580)
at org.testng.internal.Invoker.invokeTestMethod(Invoker.java:716)
at org.testng.internal.Invoker.invokeTestMethods(Invoker.java:988)
at org.testng.internal.TestMethodWorker.invokeTestMethods(TestMethodWorker.java:125)
at org.testng.internal.TestMethodWorker.run(TestMethodWorker.java:109)
at org.testng.TestRunner.privateRun(TestRunner.java:648)
at org.testng.TestRunner.run(TestRunner.java:505)
at org.testng.SuiteRunner.runTest(SuiteRunner.java:455)
at org.testng.SuiteRunner.runSequentially(SuiteRunner.java:450)
at org.testng.SuiteRunner.privateRun(SuiteRunner.java:415)
at org.testng.SuiteRunner.run(SuiteRunner.java:364)
at org.testng.SuiteRunnerWorker.runSuite(SuiteRunnerWorker.java:52)
at org.testng.SuiteRunnerWorker.run(SuiteRunnerWorker.java:84)
at org.testng.TestNG.runSuitesSequentially(TestNG.java:1208)
at org.testng.TestNG.runSuitesLocally(TestNG.java:1137)
at org.testng.TestNG.runSuites(TestNG.java:1049)
at org.testng.TestNG.run(TestNG.java:1017)
at org.testng.remote.AbstractRemoteTestNG.run(AbstractRemoteTestNG.java:114)
at org.testng.remote.RemoteTestNG.initAndRun(RemoteTestNG.java:251)
at org.testng.remote.RemoteTestNG.main(RemoteTestNG.java:77)
]]>
    </error>
  </testcase> <!-- m1 -->
</testsuite> <!-- com.nbrown.testscenario.JDW.DesiredCapability2 -->
